<?xml version="1.0" encoding="UTF-8"?>
<testng-results skipped="0" failed="0" ignored="0" total="1" passed="1">
  <reporter-output>
  </reporter-output>
  <suite name="Parallel test suite" duration-ms="795025" started-at="2018-03-09T12:57:35Z" finished-at="2018-03-09T13:10:50Z">
    <groups>
    </groups>
    <test name="Chrome Test" duration-ms="795025" started-at="2018-03-09T12:57:35Z" finished-at="2018-03-09T13:10:50Z">
      <class name="RunManager.HybridExecuteTest">
        <test-method status="PASS" signature="runManager(java.lang.String)[pri:0, instance:RunManager.HybridExecuteTest@23d2a7e8]" name="runManager" duration-ms="794972" started-at="2018-03-09T18:27:35Z" finished-at="2018-03-09T18:40:50Z">
          <params>
            <param index="0">
              <value>
                <![CDATA[Chrome]]>
              </value>
            </param>
          </params>
          <reporter-output>
          </reporter-output>
        </test-method> <!-- runManager -->
      </class> <!-- RunManager.HybridExecuteTest -->
    </test> <!-- Chrome Test -->
  </suite> <!-- Parallel test suite -->
</testng-results>
